<?xml version="1.0" encoding="UTF-8" standalone="yes"?><!DOCTYPE report PUBLIC "-//JACOCO//DTD Report 1.1//EN" "report.dtd"><report name="parking-system"><sessioninfo id="SI-MC-09.local-679d09bb" start="1603274240170" dump="1603274242820"/><sessioninfo id="SI-MC-09.local-5c2a85e4" start="1603274955731" dump="1603274958903"/><sessioninfo id="SI-MC-09.local-d50d4e04" start="1603276089929" dump="1603276092420"/><sessioninfo id="SI-MC-09-16f9d32d" start="1608651477827" dump="1608651479819"/><sessioninfo id="SI-MC-09-73a8faea" start="1614158976882" dump="1614158977559"/><sessioninfo id="SI-MC-09-27570987" start="1614159046811" dump="1614159047370"/><sessioninfo id="SI-MC-09-32bb3a30" start="1614159059971" dump="1614159060529"/></report>